mode: set
github.com/ksahli/baal/pkg/loader/loader.go:28.65,31.55 3 1
github.com/ksahli/baal/pkg/loader/loader.go:35.2,36.41 2 1
github.com/ksahli/baal/pkg/loader/loader.go:53.2,53.18 1 1
github.com/ksahli/baal/pkg/loader/loader.go:31.55,34.3 2 1
github.com/ksahli/baal/pkg/loader/loader.go:36.41,38.17 2 1
github.com/ksahli/baal/pkg/loader/loader.go:42.3,43.17 2 1
github.com/ksahli/baal/pkg/loader/loader.go:47.3,51.47 2 1
github.com/ksahli/baal/pkg/loader/loader.go:38.17,41.4 2 1
github.com/ksahli/baal/pkg/loader/loader.go:43.17,46.4 2 1
github.com/ksahli/baal/pkg/loader/loader.go:56.60,64.2 3 1
github.com/ksahli/baal/pkg/loader/loader.go:66.61,68.16 2 1
github.com/ksahli/baal/pkg/loader/loader.go:72.2,73.20 2 1
github.com/ksahli/baal/pkg/loader/loader.go:68.16,71.3 2 1
github.com/ksahli/baal/pkg/collector/collector.go:24.56,28.50 3 1
github.com/ksahli/baal/pkg/collector/collector.go:31.2,31.12 1 1
github.com/ksahli/baal/pkg/collector/collector.go:28.50,30.3 1 1
github.com/ksahli/baal/pkg/collector/collector.go:34.62,37.30 2 1
github.com/ksahli/baal/pkg/collector/collector.go:37.30,38.41 1 1
github.com/ksahli/baal/pkg/collector/collector.go:38.41,40.4 1 1
github.com/ksahli/baal/pkg/collector/collector.go:44.28,48.41 3 1
github.com/ksahli/baal/pkg/collector/collector.go:48.41,50.3 1 1
github.com/ksahli/baal/pkg/collector/collector.go:53.64,66.2 3 1
github.com/ksahli/baal/pkg/collector/collector.go:68.64,70.16 2 1
github.com/ksahli/baal/pkg/collector/collector.go:74.2,74.31 1 1
github.com/ksahli/baal/pkg/collector/collector.go:70.16,73.3 2 1
github.com/ksahli/baal/pkg/monitor/monitor.go:29.38,39.16 4 1
github.com/ksahli/baal/pkg/monitor/monitor.go:43.2,43.15 1 1
github.com/ksahli/baal/pkg/monitor/monitor.go:39.16,42.3 2 1
github.com/ksahli/baal/pkg/monitor/monitor.go:46.60,48.24 2 1
github.com/ksahli/baal/pkg/monitor/monitor.go:48.24,51.3 2 1
github.com/ksahli/baal/pkg/monitor/monitor.go:54.26,56.2 1 1
github.com/ksahli/baal/pkg/monitor/monitor.go:58.42,60.2 1 1
github.com/ksahli/baal/pkg/monitor/monitor.go:62.66,74.2 3 1
github.com/ksahli/baal/pkg/ticker/ticker.go:16.44,19.6 2 1
github.com/ksahli/baal/pkg/ticker/ticker.go:19.6,20.10 1 1
github.com/ksahli/baal/pkg/ticker/ticker.go:21.33,22.31 1 1
github.com/ksahli/baal/pkg/ticker/ticker.go:25.21,26.10 1 1
github.com/ksahli/baal/pkg/ticker/ticker.go:22.31,24.5 1 1
github.com/ksahli/baal/pkg/ticker/ticker.go:31.45,33.2 1 1
github.com/ksahli/baal/pkg/ticker/ticker.go:35.63,43.2 3 1
github.com/ksahli/baal/cmd/observe/observe.go:23.53,27.16 3 1
github.com/ksahli/baal/cmd/observe/observe.go:32.2,37.16 5 1
github.com/ksahli/baal/cmd/observe/observe.go:42.2,48.16 5 1
github.com/ksahli/baal/cmd/observe/observe.go:53.2,53.43 1 1
github.com/ksahli/baal/cmd/observe/observe.go:64.2,70.12 5 1
github.com/ksahli/baal/cmd/observe/observe.go:27.16,30.3 2 1
github.com/ksahli/baal/cmd/observe/observe.go:37.16,40.3 2 1
github.com/ksahli/baal/cmd/observe/observe.go:48.16,51.3 2 1
github.com/ksahli/baal/cmd/observe/observe.go:53.43,56.28 2 1
github.com/ksahli/baal/cmd/observe/observe.go:61.3,61.22 1 1
github.com/ksahli/baal/cmd/observe/observe.go:56.28,59.4 2 1
